INFO|2015-10-22 13:04:31,086|coursework|welcome|Logging a test message form welcome
INFO|2015-10-22 13:21:38,484|coursework|welcome|Logging a test message form welcome
INFO|2015-10-22 13:21:41,683|coursework|load_rabbit|Rabbit with id=8 was loaded
INFO|2015-10-22 13:32:23,347|coursework|welcome|Logging a test message form welcome
INFO|2015-10-22 13:32:38,514|coursework|welcome|Logging a test message form welcome
INFO|2015-10-22 13:32:42,699|coursework|load_rabbit|Rabbit with id=3 was loaded
INFO|2015-10-22 13:32:52,539|coursework|welcome|Logging a test message form welcome
INFO|2015-10-22 13:34:07,523|coursework|load_rabbit|Rabbit with id=8 was loaded
INFO|2015-10-22 13:34:08,832|coursework|welcome|User at root page
INFO|2015-10-22 13:34:24,907|coursework|welcome|User at root page
INFO|2015-10-22 13:34:27,667|coursework|load_rabbit|Rabbit with id=7 was loaded
INFO|2015-10-22 13:34:28,979|coursework|welcome|User at root page
INFO|2015-10-22 13:34:32,474|coursework|load_rabbit|Rabbit with id=5 was loaded
INFO|2015-10-22 13:34:33,410|coursework|welcome|User at root page
INFO|2015-10-22 18:58:56,000|coursework|welcome|User at root page
INFO|2015-10-22 18:59:06,376|coursework|welcome|User at root page
INFO|2015-10-22 19:04:26,051|coursework|load_rabbit|Rabbit with id=1 was loaded
INFO|2015-10-22 19:04:26,780|coursework|load_rabbit|Rabbit with id=1 was loaded
INFO|2015-10-22 19:04:42,987|coursework|load_rabbit|Rabbit with id=8 was loaded
INFO|2015-10-22 20:33:01,367|coursework|welcome|User at root page
INFO|2015-10-22 20:33:06,505|coursework|welcome|User at root page
INFO|2015-10-22 20:33:10,496|coursework|welcome|User at root page
INFO|2015-10-22 20:33:12,173|coursework|welcome|User at root page
INFO|2015-10-22 21:15:08,158|coursework|welcome|User at root page
INFO|2015-10-22 21:30:57,697|coursework|welcome|User at root page
INFO|2015-10-22 21:31:00,365|coursework|load_rabbit|Rabbit with id=6 was loaded
INFO|2015-10-22 21:31:03,564|coursework|welcome|User at root page
INFO|2015-10-22 21:31:04,764|coursework|load_rabbit|Rabbit with id=7 was loaded
INFO|2015-10-22 21:31:23,175|coursework|welcome|User at root page
INFO|2015-10-22 21:31:24,779|coursework|load_rabbit|Rabbit with id=8 was loaded
INFO|2015-10-22 21:31:27,272|coursework|welcome|User at root page
INFO|2015-10-22 21:31:28,244|coursework|load_rabbit|Rabbit with id=1 was loaded
INFO|2015-10-22 21:31:35,042|coursework|welcome|User at root page
INFO|2015-10-22 21:31:36,276|coursework|load_rabbit|Rabbit with id=8 was loaded
INFO|2015-10-22 21:31:45,160|coursework|welcome|User at root page
INFO|2015-10-22 21:41:45,144|coursework|welcome|User at root page
INFO|2015-10-22 21:53:37,064|coursework|welcome|User at root page
INFO|2015-10-22 21:57:38,881|coursework|welcome|User at root page
INFO|2015-10-22 21:57:45,287|coursework|welcome|User at root page
INFO|2015-10-22 22:01:37,257|coursework|welcome|User at root page
INFO|2015-10-22 22:04:37,713|coursework|welcome|User at root page
INFO|2015-10-22 22:04:43,977|coursework|welcome|User at root page
INFO|2015-10-22 22:04:48,713|coursework|welcome|User at root page
INFO|2015-10-22 22:09:37,935|coursework|load_rabbit|Rabbit with id=3 was loaded
INFO|2015-10-22 22:09:40,085|coursework|welcome|User at root page
INFO|2015-10-22 22:10:14,411|coursework|welcome|User at root page
INFO|2015-10-22 22:10:19,455|coursework|load_rabbit|Rabbit with id=7 was loaded
INFO|2015-10-22 22:10:22,260|coursework|welcome|User at root page
INFO|2015-10-22 22:10:25,019|coursework|welcome|User at root page
INFO|2015-10-22 22:11:38,135|coursework|welcome|User at root page
INFO|2015-10-22 22:18:03,817|coursework|welcome|User at root page
INFO|2015-10-22 22:19:34,028|coursework|load_rabbit|Rabbit with id=3 was loaded
INFO|2015-10-22 22:19:34,943|coursework|welcome|User at root page
INFO|2015-10-22 22:19:38,540|coursework|load_rabbit|Rabbit with id=1 was loaded
INFO|2015-10-22 22:19:38,814|coursework|welcome|User at root page
INFO|2015-10-22 22:19:59,538|coursework|welcome|User at root page
INFO|2015-10-22 22:20:00,490|coursework|load_rabbit|Rabbit with id=3 was loaded
INFO|2015-10-22 22:20:01,902|coursework|welcome|User at root page
INFO|2015-10-22 22:20:06,354|coursework|load_rabbit|Rabbit with id=7 was loaded
INFO|2015-10-22 22:20:07,432|coursework|welcome|User at root page
INFO|2015-10-22 22:20:10,293|coursework|welcome|User at root page
INFO|2015-10-23 11:39:34,214|coursework|welcome|User at root page
INFO|2015-10-24 14:32:07,607|coursework|welcome|User at root page
INFO|2015-10-24 14:33:14,348|coursework|welcome|User at root page
INFO|2015-10-24 14:38:25,421|coursework|search_by|search :Belgiumby :origin
INFO|2015-10-24 14:38:27,611|coursework|welcome|User at root page
INFO|2015-10-24 14:38:32,424|coursework|search_by|search :United Statesby :origin
INFO|2015-10-24 14:45:02,447|coursework|welcome|User at root page
INFO|2015-10-24 14:45:08,081|coursework|search_by|search :United Statesby :origin
INFO|2015-10-24 14:47:26,190|coursework|welcome|User at root page
INFO|2015-10-24 14:47:29,371|coursework|search_by|search :Germanyby :origin
INFO|2015-10-24 14:48:20,052|coursework|welcome|User at root page
INFO|2015-10-24 14:48:22,775|coursework|search_by|search :United Statesby :origin
INFO|2015-10-24 14:51:09,233|coursework|search_by|search :United Statesby :origin
INFO|2015-10-24 14:51:15,842|coursework|welcome|User at root page
INFO|2015-10-24 14:51:18,907|coursework|search_by|search :Germanyby :origin
INFO|2015-10-24 14:55:44,469|coursework|welcome|User at root page
INFO|2015-10-24 14:55:48,609|coursework|search_by|search :United Statesby :origin
INFO|2015-10-24 14:56:56,391|coursework|welcome|User at root page
INFO|2015-10-24 14:57:00,279|coursework|search_by|search :Germanyby :origin
INFO|2015-10-24 14:57:52,623|coursework|welcome|User at root page
INFO|2015-10-24 14:57:55,787|coursework|search_by|search :Germanyby :origin
INFO|2015-10-24 14:58:36,183|coursework|search_by|search :Germanyby :origin
INFO|2015-10-24 14:59:30,109|coursework|welcome|User at root page
INFO|2015-10-24 14:59:41,924|coursework|search_by|search :Belgiumby :origin
INFO|2015-10-24 15:00:52,366|coursework|welcome|User at root page
INFO|2015-10-24 15:01:49,645|coursework|load_rabbit|Rabbit with id=1 was loaded
INFO|2015-10-24 15:01:51,389|coursework|welcome|User at root page
INFO|2015-10-24 15:02:11,899|coursework|welcome|User at root page
INFO|2015-10-24 15:02:16,443|coursework|welcome|User at root page
INFO|2015-10-24 15:08:04,634|coursework|welcome|User at root page
INFO|2015-10-24 15:10:35,844|coursework|welcome|User at root page
INFO|2015-10-24 15:14:37,302|coursework|welcome|User at root page
INFO|2015-10-24 15:16:29,031|coursework|welcome|User at root page
INFO|2015-10-24 15:18:58,202|coursework|welcome|User at root page
INFO|2015-10-24 15:19:02,426|coursework|welcome|User at root page
INFO|2015-10-24 15:19:05,400|coursework|load_rabbit|Rabbit with id=4 was loaded
INFO|2015-10-24 15:19:07,978|coursework|welcome|User at root page
INFO|2015-10-24 15:19:09,950|coursework|load_rabbit|Rabbit with id=1 was loaded
INFO|2015-10-24 15:19:12,243|coursework|welcome|User at root page
INFO|2015-10-24 15:21:33,735|coursework|load_rabbit|Rabbit with id=6 was loaded
INFO|2015-10-24 15:22:00,786|coursework|welcome|User at root page
INFO|2015-10-24 15:25:05,846|coursework|welcome|User at root page
INFO|2015-10-24 15:32:07,720|coursework|welcome|User at root page
INFO|2015-10-24 15:32:12,114|coursework|welcome|User at root page
INFO|2015-10-24 15:32:13,605|coursework|welcome|User at root page
INFO|2015-10-24 15:32:14,849|coursework|welcome|User at root page
INFO|2015-10-24 15:32:15,509|coursework|welcome|User at root page
INFO|2015-10-24 15:32:37,843|coursework|welcome|User at root page
INFO|2015-10-24 15:33:09,016|coursework|welcome|User at root page
INFO|2015-10-24 15:37:50,345|coursework|welcome|User at root page
INFO|2015-10-26 20:48:39,359|coursework|welcome|User at root page
INFO|2015-10-26 20:49:43,329|coursework|welcome|User at root page
INFO|2015-10-26 21:07:37,278|coursework|welcome|User at root page
INFO|2015-10-26 21:07:44,787|coursework|welcome|User at root page
INFO|2015-10-26 21:07:57,385|coursework|welcome|User at root page
INFO|2015-10-26 21:18:37,002|coursework|welcome|User at root page
INFO|2015-10-26 21:18:48,671|coursework|welcome|User at root page
INFO|2015-10-26 21:19:18,769|coursework|welcome|User at root page
INFO|2015-10-26 21:19:20,221|coursework|welcome|User at root page
INFO|2015-10-26 21:19:27,057|coursework|welcome|User at root page
INFO|2015-10-26 21:20:50,091|coursework|welcome|User at root page
INFO|2015-10-26 21:27:35,067|coursework|welcome|User at root page
INFO|2015-10-26 21:28:40,185|coursework|welcome|User at root page
INFO|2015-10-26 21:29:22,418|coursework|welcome|User at root page
INFO|2015-10-26 21:32:34,167|coursework|welcome|User at root page
INFO|2015-10-26 21:32:45,673|coursework|welcome|User at root page
INFO|2015-10-26 21:33:33,671|coursework|welcome|User at root page
INFO|2015-10-26 21:34:01,990|coursework|welcome|User at root page
INFO|2015-10-26 21:34:07,750|coursework|welcome|User at root page
INFO|2015-10-26 21:36:53,496|coursework|welcome|User at root page
INFO|2015-10-26 21:37:34,210|coursework|welcome|User at root page
INFO|2015-10-26 21:37:41,212|coursework|welcome|User at root page
INFO|2015-10-26 21:37:45,579|coursework|welcome|User at root page
INFO|2015-10-26 21:37:56,116|coursework|load_rabbit|Rabbit with id=2 was loaded
INFO|2015-10-26 21:37:58,987|coursework|welcome|User at root page
INFO|2015-10-26 21:39:08,951|coursework|welcome|User at root page
INFO|2015-10-26 21:40:43,100|coursework|welcome|User at root page
INFO|2015-10-26 21:42:47,910|coursework|welcome|User at root page
INFO|2015-10-26 21:43:08,693|coursework|welcome|User at root page
INFO|2015-10-26 21:43:33,851|coursework|welcome|User at root page
INFO|2015-10-26 22:10:32,841|coursework|welcome|User at root page
INFO|2015-10-26 22:10:46,221|coursework|welcome|User at root page
INFO|2015-10-26 22:10:59,201|coursework|load_rabbit|Rabbit with id=11 was loaded
INFO|2015-10-26 22:11:04,247|coursework|welcome|User at root page
INFO|2015-10-26 22:11:16,330|coursework|welcome|User at root page
INFO|2015-10-26 22:18:32,787|coursework|welcome|User at root page
INFO|2015-10-26 22:19:16,672|coursework|welcome|User at root page
INFO|2015-10-26 22:19:25,657|coursework|welcome|User at root page
INFO|2015-10-26 22:20:42,477|coursework|welcome|User at root page
INFO|2015-10-26 22:21:15,290|coursework|welcome|User at root page
INFO|2015-10-26 22:22:03,361|coursework|welcome|User at root page
INFO|2015-10-26 22:22:28,913|coursework|welcome|User at root page
INFO|2015-10-26 22:24:03,764|coursework|welcome|User at root page
INFO|2015-10-26 22:24:34,410|coursework|welcome|User at root page
INFO|2015-10-26 22:27:13,238|coursework|welcome|User at root page
INFO|2015-10-26 22:29:57,818|coursework|welcome|User at root page
INFO|2015-10-26 22:30:09,142|coursework|welcome|User at root page
INFO|2015-10-26 22:30:22,173|coursework|welcome|User at root page
INFO|2015-10-26 22:31:31,455|coursework|welcome|User at root page
INFO|2015-10-26 22:31:36,338|coursework|load_rabbit|Rabbit with id=3 was loaded
INFO|2015-10-26 22:31:37,737|coursework|welcome|User at root page
INFO|2015-10-26 22:32:36,029|coursework|welcome|User at root page
INFO|2015-10-26 22:32:42,598|coursework|welcome|User at root page
INFO|2015-10-26 22:33:29,027|coursework|welcome|User at root page
INFO|2015-10-27 12:51:35,429|coursework|welcome|User at root page
INFO|2015-10-27 12:56:31,473|coursework|welcome|User at root page
INFO|2015-10-27 12:58:10,457|coursework|welcome|User at root page
INFO|2015-10-27 12:58:37,809|coursework|welcome|User at root page
INFO|2015-10-27 13:00:09,320|coursework|welcome|User at root page
INFO|2015-10-27 13:02:16,992|coursework|load_rabbit|Rabbit with id=3 was loaded
INFO|2015-10-27 13:02:19,901|coursework|welcome|User at root page
INFO|2015-10-27 13:02:35,372|coursework|welcome|User at root page
INFO|2015-10-27 13:04:20,471|coursework|welcome|User at root page
INFO|2015-10-27 13:04:22,314|coursework|welcome|User at root page
INFO|2015-10-27 13:04:24,336|coursework|load_rabbit|Rabbit with id=14 was loaded
INFO|2015-10-27 13:04:25,287|coursework|welcome|User at root page
INFO|2015-10-27 13:04:32,091|coursework|load_rabbit|Rabbit with id=14 was loaded
INFO|2015-10-27 13:04:33,185|coursework|welcome|User at root page
INFO|2015-10-27 13:04:49,390|coursework|load_rabbit|Rabbit with id=2 was loaded
INFO|2015-10-27 13:04:52,885|coursework|welcome|User at root page
INFO|2015-10-27 13:16:03,828|coursework|welcome|User at root page
INFO|2015-10-27 13:24:14,617|coursework|welcome|User at root page
INFO|2015-10-27 13:28:52,932|coursework|welcome|User at root page
INFO|2015-10-27 13:30:22,791|coursework|welcome|User at root page
INFO|2015-10-27 13:38:49,834|coursework|welcome|User at root page
INFO|2015-10-27 13:40:28,307|coursework|welcome|User at root page
INFO|2015-10-27 13:47:40,103|coursework|welcome|User at root page
INFO|2015-10-27 13:47:51,046|coursework|load_rabbit|Rabbit with id=3 was loaded
INFO|2015-10-27 13:47:52,647|coursework|welcome|User at root page
INFO|2015-10-27 13:49:33,234|coursework|welcome|User at root page
INFO|2015-10-27 13:51:16,736|coursework|load_rabbit|Rabbit with id=3 was loaded
INFO|2015-10-27 13:51:20,587|coursework|welcome|User at root page
INFO|2015-10-27 13:51:56,486|coursework|load_rabbit|Rabbit with id=11 was loaded
INFO|2015-10-27 13:52:00,817|coursework|welcome|User at root page
INFO|2015-10-27 13:53:00,193|coursework|load_rabbit|Rabbit with id=11 was loaded
INFO|2015-10-27 13:53:03,996|coursework|welcome|User at root page
INFO|2015-10-27 13:56:19,903|coursework|welcome|User at root page
INFO|2015-10-27 13:56:21,979|coursework|load_rabbit|Rabbit with id=15 was loaded
INFO|2015-10-27 13:56:27,369|coursework|welcome|User at root page
INFO|2015-10-27 13:57:40,342|coursework|welcome|User at root page
INFO|2015-10-27 13:57:43,475|coursework|welcome|User at root page
INFO|2015-10-27 19:34:17,171|coursework|welcome|User at root page
INFO|2015-10-27 19:36:32,608|coursework|welcome|User at root page
INFO|2015-10-27 19:39:23,858|coursework|welcome|User at root page
INFO|2015-10-27 19:42:54,247|coursework|welcome|User at root page
INFO|2015-10-27 20:01:10,253|coursework|welcome|User at root page
INFO|2015-10-27 20:01:17,694|coursework|welcome|User at root page
INFO|2015-10-27 20:12:05,101|coursework|welcome|User at root page
INFO|2015-10-27 20:12:13,238|coursework|welcome|User at root page
INFO|2015-10-27 20:12:29,151|coursework|welcome|User at root page
INFO|2015-10-27 20:12:32,917|coursework|welcome|User at root page
INFO|2015-10-27 20:12:38,382|coursework|welcome|User at root page
INFO|2015-10-27 20:13:54,990|coursework|welcome|User at root page
INFO|2015-10-27 20:13:59,035|coursework|welcome|User at root page
INFO|2015-10-27 20:18:35,557|coursework|welcome|User at root page
INFO|2015-10-27 20:18:40,224|coursework|welcome|User at root page
INFO|2015-10-27 20:23:23,634|coursework|welcome|User at root page
INFO|2015-10-27 20:23:28,787|coursework|welcome|User at root page
INFO|2015-10-27 20:24:40,010|coursework|welcome|User at root page
INFO|2015-10-27 20:24:44,515|coursework|welcome|User at root page
INFO|2015-10-27 20:24:51,253|coursework|welcome|User at root page
INFO|2015-10-27 20:25:41,640|coursework|welcome|User at root page
INFO|2015-10-27 20:25:45,658|coursework|welcome|User at root page
INFO|2015-10-27 20:25:49,130|coursework|welcome|User at root page
INFO|2015-10-27 20:31:02,831|coursework|welcome|User at root page
INFO|2015-10-27 20:31:06,987|coursework|welcome|User at root page
INFO|2015-10-27 20:31:15,351|coursework|welcome|User at root page
INFO|2015-10-27 20:31:28,550|coursework|welcome|User at root page
INFO|2015-10-27 20:31:39,050|coursework|welcome|User at root page
INFO|2015-10-27 20:31:44,134|coursework|welcome|User at root page
INFO|2015-10-27 20:48:24,768|coursework|welcome|User at root page
INFO|2015-10-27 20:52:34,558|coursework|welcome|User at root page
INFO|2015-10-27 20:55:23,164|coursework|welcome|User at root page
INFO|2015-10-27 20:55:36,658|coursework|welcome|User at root page
INFO|2015-10-27 20:55:44,480|coursework|welcome|User at root page
INFO|2015-10-27 20:56:27,201|coursework|welcome|User at root page
INFO|2015-10-27 20:57:45,006|coursework|welcome|User at root page
INFO|2015-10-27 20:57:46,996|coursework|welcome|User at root page
INFO|2015-10-27 20:57:51,877|coursework|welcome|User at root page
INFO|2015-10-27 20:58:08,256|coursework|welcome|User at root page
INFO|2015-10-27 20:58:46,630|coursework|welcome|User at root page
INFO|2015-10-27 20:58:54,299|coursework|welcome|User at root page
INFO|2015-10-27 20:58:56,196|coursework|welcome|User at root page
INFO|2015-10-27 20:59:19,204|coursework|welcome|User at root page
INFO|2015-10-27 20:59:22,593|coursework|welcome|User at root page
INFO|2015-10-27 21:02:06,454|coursework|welcome|User at root page
INFO|2015-10-27 21:02:15,844|coursework|load_rabbit|Rabbit with id=17 was loaded
INFO|2015-10-27 21:02:25,343|coursework|welcome|User at root page
INFO|2015-10-27 21:04:20,894|coursework|welcome|User at root page
INFO|2015-10-27 21:04:27,023|coursework|welcome|User at root page
INFO|2015-10-27 21:05:07,732|coursework|welcome|User at root page
INFO|2015-10-27 21:05:14,953|coursework|welcome|User at root page
INFO|2015-10-27 21:07:36,160|coursework|welcome|User at root page
INFO|2015-10-27 21:10:18,251|coursework|welcome|User at root page
INFO|2015-10-27 21:10:24,922|coursework|welcome|User at root page
INFO|2015-10-27 21:11:11,443|coursework|welcome|User at root page
INFO|2015-10-27 21:11:12,889|coursework|welcome|User at root page
INFO|2015-10-27 21:21:24,003|coursework|welcome|User at root page
INFO|2015-10-27 21:21:26,153|coursework|welcome|User at root page
INFO|2015-10-27 21:41:50,077|coursework|welcome|User at root page
INFO|2015-10-27 21:42:23,719|coursework|welcome|User at root page
INFO|2015-10-27 21:42:44,888|coursework|welcome|User at root page
INFO|2015-10-27 21:43:56,772|coursework|welcome|User at root page
INFO|2015-10-27 21:45:04,247|coursework|welcome|User at root page
INFO|2015-10-27 21:45:34,158|coursework|welcome|User at root page
INFO|2015-10-27 21:46:12,404|coursework|welcome|User at root page
INFO|2015-10-27 21:46:40,266|coursework|welcome|User at root page
INFO|2015-10-27 22:03:43,699|coursework|welcome|User at root page
INFO|2015-10-27 22:05:07,535|coursework|welcome|User at root page
INFO|2015-10-28 14:37:25,357|coursework|welcome|User at root page
INFO|2015-10-28 14:37:28,213|coursework|welcome|User at root page
INFO|2015-10-28 14:37:29,926|coursework|welcome|User at root page
INFO|2015-10-28 14:37:30,397|coursework|welcome|User at root page
INFO|2015-10-28 14:43:37,535|coursework|welcome|User at root page
INFO|2015-10-28 14:43:38,440|coursework|welcome|User at root page
INFO|2015-10-28 14:47:21,363|coursework|welcome|User at root page
INFO|2015-10-28 14:47:22,187|coursework|welcome|User at root page
INFO|2015-10-28 14:49:18,608|coursework|welcome|User at root page
INFO|2015-10-28 14:49:20,573|coursework|welcome|User at root page
INFO|2015-10-28 14:49:21,266|coursework|welcome|User at root page
INFO|2015-10-28 14:49:23,214|coursework|welcome|User at root page
INFO|2015-10-28 14:49:47,090|coursework|welcome|User at root page
INFO|2015-10-28 14:49:47,532|coursework|welcome|User at root page
INFO|2015-10-28 14:49:49,420|coursework|welcome|User at root page
INFO|2015-10-28 14:49:50,491|coursework|welcome|User at root page
INFO|2015-10-28 14:49:51,193|coursework|welcome|User at root page
INFO|2015-10-28 14:49:54,447|coursework|welcome|User at root page
INFO|2015-10-28 14:49:55,306|coursework|welcome|User at root page
INFO|2015-10-28 14:49:56,047|coursework|welcome|User at root page
INFO|2015-10-28 14:49:59,157|coursework|welcome|User at root page
INFO|2015-10-28 14:50:01,590|coursework|welcome|User at root page
INFO|2015-10-28 14:50:02,235|coursework|welcome|User at root page
INFO|2015-10-28 14:50:02,930|coursework|welcome|User at root page
INFO|2015-10-28 14:50:05,703|coursework|welcome|User at root page
INFO|2015-10-28 14:50:06,614|coursework|welcome|User at root page
INFO|2015-10-28 14:50:08,366|coursework|welcome|User at root page
INFO|2015-10-28 14:50:08,900|coursework|welcome|User at root page
INFO|2015-10-28 14:50:10,627|coursework|welcome|User at root page
INFO|2015-10-28 14:50:13,098|coursework|welcome|User at root page
INFO|2015-10-28 14:50:14,059|coursework|welcome|User at root page
INFO|2015-10-28 14:50:15,605|coursework|welcome|User at root page
INFO|2015-10-28 14:50:17,072|coursework|welcome|User at root page
INFO|2015-10-28 14:51:19,171|coursework|welcome|User at root page
INFO|2015-10-28 14:51:20,206|coursework|welcome|User at root page
INFO|2015-10-28 14:51:20,623|coursework|welcome|User at root page
INFO|2015-10-28 14:51:21,326|coursework|welcome|User at root page
INFO|2015-10-28 14:51:22,711|coursework|welcome|User at root page
INFO|2015-10-28 14:51:24,382|coursework|welcome|User at root page
INFO|2015-10-28 14:51:25,018|coursework|load_rabbit|Rabbit with id=4 was loaded
INFO|2015-10-28 14:51:25,745|coursework|welcome|User at root page
INFO|2015-10-28 14:51:30,252|coursework|welcome|User at root page
INFO|2015-10-28 14:51:31,793|coursework|welcome|User at root page
INFO|2015-10-28 14:51:33,720|coursework|load_rabbit|Rabbit with id=10 was loaded
INFO|2015-10-28 14:51:34,374|coursework|welcome|User at root page
INFO|2015-10-28 14:51:45,836|coursework|welcome|User at root page
INFO|2015-10-28 14:51:46,351|coursework|welcome|User at root page
INFO|2015-10-28 14:51:47,804|coursework|welcome|User at root page
INFO|2015-10-28 14:51:51,115|coursework|welcome|User at root page
INFO|2015-10-28 14:51:53,552|coursework|welcome|User at root page
INFO|2015-10-28 14:51:54,578|coursework|welcome|User at root page
INFO|2015-10-28 14:51:56,414|coursework|welcome|User at root page
INFO|2015-10-28 14:51:57,133|coursework|welcome|User at root page
INFO|2015-10-28 14:53:51,166|coursework|welcome|User at root page
INFO|2015-10-28 14:53:57,319|coursework|welcome|User at root page
INFO|2015-10-28 14:53:57,656|coursework|welcome|User at root page
INFO|2015-10-28 14:53:58,367|coursework|welcome|User at root page
INFO|2015-10-28 14:54:44,923|coursework|welcome|User at root page
INFO|2015-10-28 14:54:45,360|coursework|welcome|User at root page
INFO|2015-10-28 14:54:50,256|coursework|welcome|User at root page
INFO|2015-10-28 14:54:52,140|coursework|welcome|User at root page
INFO|2015-10-28 14:54:52,849|coursework|welcome|User at root page
INFO|2015-10-28 15:02:57,974|coursework|welcome|User at root page
INFO|2015-10-28 15:02:58,499|coursework|welcome|User at root page
INFO|2015-10-28 15:03:00,463|coursework|welcome|User at root page
INFO|2015-10-28 15:03:02,500|coursework|welcome|User at root page
INFO|2015-10-28 15:03:03,914|coursework|welcome|User at root page
INFO|2015-10-28 15:03:05,364|coursework|welcome|User at root page
INFO|2015-10-28 15:03:06,394|coursework|welcome|User at root page
INFO|2015-10-28 15:03:08,392|coursework|welcome|User at root page
INFO|2015-10-28 15:03:09,654|coursework|welcome|User at root page
INFO|2015-10-28 15:03:11,564|coursework|welcome|User at root page
INFO|2015-10-28 15:03:13,540|coursework|welcome|User at root page
INFO|2015-10-28 15:03:14,931|coursework|welcome|User at root page
INFO|2015-10-28 15:03:16,859|coursework|welcome|User at root page
INFO|2015-10-28 15:03:17,588|coursework|welcome|User at root page
INFO|2015-10-28 15:05:59,721|coursework|welcome|User at root page
INFO|2015-10-28 15:06:00,009|coursework|welcome|User at root page
INFO|2015-10-28 15:06:02,833|coursework|welcome|User at root page
INFO|2015-10-28 15:06:03,268|coursework|welcome|User at root page
INFO|2015-10-28 15:10:33,173|coursework|welcome|User at root page
INFO|2015-10-28 15:10:33,677|coursework|welcome|User at root page
INFO|2015-10-28 15:10:35,623|coursework|welcome|User at root page
INFO|2015-10-28 15:10:36,499|coursework|welcome|User at root page
INFO|2015-10-28 15:10:37,392|coursework|welcome|User at root page
INFO|2015-10-28 15:10:39,608|coursework|welcome|User at root page
INFO|2015-10-28 15:10:40,246|coursework|welcome|User at root page
INFO|2015-10-28 15:10:40,933|coursework|welcome|User at root page
INFO|2015-10-28 15:10:59,396|coursework|welcome|User at root page
INFO|2015-10-28 15:11:06,952|coursework|welcome|User at root page
INFO|2015-10-28 15:11:08,837|coursework|welcome|User at root page
INFO|2015-10-28 15:11:09,569|coursework|welcome|User at root page
INFO|2015-10-28 15:13:10,432|coursework|welcome|User at root page
INFO|2015-10-28 15:13:11,395|coursework|welcome|User at root page
INFO|2015-10-28 15:13:46,938|coursework|welcome|User at root page
INFO|2015-10-28 15:13:48,077|coursework|welcome|User at root page
INFO|2015-10-28 15:13:48,559|coursework|welcome|User at root page
INFO|2015-10-28 15:13:50,196|coursework|welcome|User at root page
INFO|2015-10-28 15:13:50,891|coursework|welcome|User at root page
INFO|2015-10-28 15:13:54,317|coursework|welcome|User at root page
INFO|2015-10-28 15:13:55,540|coursework|welcome|User at root page
INFO|2015-10-28 15:13:55,985|coursework|welcome|User at root page
INFO|2015-10-28 15:13:57,220|coursework|welcome|User at root page
INFO|2015-10-28 15:13:57,912|coursework|welcome|User at root page
INFO|2015-10-28 15:18:27,540|coursework|welcome|User at root page
INFO|2015-10-28 15:18:28,828|coursework|welcome|User at root page
INFO|2015-10-28 15:18:32,486|coursework|welcome|User at root page
INFO|2015-10-28 15:18:34,055|coursework|load_rabbit|Rabbit with id=4 was loaded
INFO|2015-10-28 15:18:34,549|coursework|welcome|User at root page
INFO|2015-10-28 15:18:35,910|coursework|welcome|User at root page
INFO|2015-10-28 15:18:36,600|coursework|welcome|User at root page
INFO|2015-10-28 15:18:51,329|coursework|welcome|User at root page
INFO|2015-10-28 15:18:52,511|coursework|welcome|User at root page
INFO|2015-10-28 15:18:54,424|coursework|welcome|User at root page
INFO|2015-10-28 15:18:54,922|coursework|welcome|User at root page
INFO|2015-10-28 15:19:03,656|coursework|welcome|User at root page
INFO|2015-10-28 15:22:17,865|coursework|welcome|User at root page
INFO|2015-10-28 15:22:18,319|coursework|welcome|User at root page
INFO|2015-10-28 15:22:24,851|coursework|welcome|User at root page
INFO|2015-10-28 15:22:26,996|coursework|welcome|User at root page
INFO|2015-10-28 15:22:27,694|coursework|welcome|User at root page
INFO|2015-10-28 15:22:31,501|coursework|welcome|User at root page
INFO|2015-10-28 15:22:35,336|coursework|welcome|User at root page
INFO|2015-10-28 15:22:36,049|coursework|welcome|User at root page
INFO|2015-10-28 15:22:46,344|coursework|welcome|User at root page
INFO|2015-10-28 15:22:47,634|coursework|welcome|User at root page
INFO|2015-10-28 15:22:48,333|coursework|welcome|User at root page
INFO|2015-10-28 15:22:50,733|coursework|welcome|User at root page
INFO|2015-10-28 15:22:51,834|coursework|welcome|User at root page
INFO|2015-10-28 15:22:52,565|coursework|load_rabbit|Rabbit with id=9 was loaded
INFO|2015-10-28 15:22:53,291|coursework|welcome|User at root page
INFO|2015-10-28 15:22:56,730|coursework|welcome|User at root page
INFO|2015-10-28 15:22:57,423|coursework|welcome|User at root page
INFO|2015-10-28 15:39:10,349|coursework|welcome|User at root page
INFO|2015-10-28 15:39:11,843|coursework|welcome|User at root page
INFO|2015-10-28 15:39:12,337|coursework|welcome|User at root page
INFO|2015-10-28 15:39:13,122|coursework|welcome|User at root page
INFO|2015-10-28 15:39:33,313|coursework|welcome|User at root page
INFO|2015-10-28 15:39:34,539|coursework|welcome|User at root page
INFO|2015-10-28 15:39:35,815|coursework|welcome|User at root page
INFO|2015-10-28 15:39:36,538|coursework|welcome|User at root page
INFO|2015-10-28 15:39:39,538|coursework|welcome|User at root page
INFO|2015-10-28 15:39:40,767|coursework|welcome|User at root page
INFO|2015-10-28 15:39:40,961|coursework|welcome|User at root page
INFO|2015-10-28 15:39:41,663|coursework|welcome|User at root page
